-------------------------------------------------------------------------------
		   "Numerical Analysis Algorithms in C" v4.2
-------------------------------------------------------------------------------

NAA v4.2 Sample Output

Taylor Polynomial Approximation - Algorithm 1.1B

f(x) = exp(-x^2)

Point x0 = 2.2

GENERAL FORM:
P4(x) = f(x0)
	+ f'(x0)(x-x0)
	+ (f''(x0)/2!)(x-x0)^2
	+ (f'''(x0)/3!)(x-x0)^3
	+ (f(4)(x0)/4!)(x-x0)^4
	+ R4(x)

P4(x) = (0.00790705)
	+ (-0.034791)(x-2.2)
	+ (0.0686332)(x-2.2)^2
	+ (-0.0774681)(x-2.2)^3
	+ (0.0508987)(x-2.2)^4
	+ R4(x)

P4(2) = 0.0183118
P4(2.1) = 0.012155
P4(2.2) = 0.00790705
P4(2.3) = 0.0050419
P4(2.4) = 0.00315587
