-------------------------------------------------------------------------------
		   "Numerical Analysis Algorithms in C" v4.2
-------------------------------------------------------------------------------

NAA v4.2 Sample Output

Method of False Position (or Regula Falsi) - Algorithm 2.4B

f(x) = x^3 + 4x^2 - 10

Maximum number of iterations: 25
Tolerance: 1e-005
Endpoint a = 1
Endpoint b = 2

 n	 a		 b		 p		 f(p)
-----------------------------------------------------------------------
 1	 1.000000000	 2.000000000	 1.263157895	-1.602274384
 2	 1.263157895	 2.000000000	 1.338827839	-0.430364748
 3	 1.338827839	 2.000000000	 1.358546342	-0.110008788
 4	 1.358546342	 2.000000000	 1.363547440	-0.027762091
 5	 1.363547440	 2.000000000	 1.364807032	-0.006983415
 6	 1.364807032	 2.000000000	 1.365123718	-0.001755209
 7	 1.365123718	 2.000000000	 1.365203304	-0.000441063
 8	 1.365203304	 2.000000000	 1.365223302	-0.000110828
 9	 1.365223302	 2.000000000	 1.365228327	-0.000027848
