-------------------------------------------------------------------------------
		   "Numerical Analysis Algorithms in C" v4.2
-------------------------------------------------------------------------------

NAA v4.2 Sample Output

Hermite Interpolation - Algorithm 3.3

Coefficients are for a Hermite polynomial of degree 5.

Evaluating H(x) at x = 1.5

H(x) =  Q(0,0) + Q(1,1)*(x-x0) + Q(2,2)*(x-x0)^2 + Q(3,3)*(x-x0)^2*(x-x1)
	+ Q(4,4)*(x-x0)^2*(x-x1)^2 + ...
	+ Q(2n+1,2n+1)*(x-x0)^2*(x-x1)^2 * * * (x-x(n-1))^2*(x-xn).


 i	   x	  f(x)		  f'(x)
-----------------------------------------------
 0	  1.3	 0.620086000	-0.522023200
 1	  1.6	 0.455402200	-0.569895900
 2	  1.9	 0.281818600	-0.581157100

	Q[0][0] =  0.62008600000
	Q[1][1] = -0.52202320000
	Q[2][2] = -0.08974266667
	Q[3][3] =  0.06636555556
	Q[4][4] =  0.00266666667
	Q[5][5] = -0.00277469136

f(1.5) ÷ H(1.5) = 0.51182770173
