-------------------------------------------------------------------------------
		   "Numerical Analysis Algorithms in C" v4.2
-------------------------------------------------------------------------------

NAA v4.2 Sample Output

Natural Cubic Spline - Algorithm 3.4

Uses 9 data points.
Computes 8 coefficient sets for a Natural Cubic Spline.

S(x) =  S(j)(x) = a(j) + b(j)*(x-x(j)) + c(j)*(x-x(j))^2 + d(j)*(x-x(j))^3
	for x(j) ó x ó x(j+1)

 i	x(i)	 a(i) = f(x)	 b(i)		 c(i)		 d(i)
------------------------------------------------------------------------------
 0	 1	 3.000000000	 0.785704423	 0.000000000	-0.085704423
 1	 2	 3.700000000	 0.528591155	-0.257113268	 0.034379480
 2	 5	 3.900000000	-0.085842506	 0.052302048	 0.333540458
 3	 6	 4.200000000	 1.019382963	 1.052923421	-0.572306384
 4	 7	 5.700000000	 1.408310652	-0.663995732	 0.155685080
 5	 8	 6.600000000	 0.547374428	-0.196940492	 0.024126639
 6	 10	 7.100000000	 0.049132128	-0.052180658	-0.002880387
 7	 13	 6.700000000	-0.341722281	-0.078104145	 0.006508679
 8	 17	 4.500000000

    ô17
I = ³  S(x) dx = 88.005260285
    õ1

f(9) ÷ S(9) = 6.974560575
f'(9) ÷ S'(9) = 0.22587336106
f''(9) ÷ S''(9) = -0.2491211501
