-------------------------------------------------------------------------------
		   "Numerical Analysis Algorithms in C" v4.2
-------------------------------------------------------------------------------

NAA v4.2 Sample Output

Clamped Cubic Spline - Algorithm 3.5

Uses 9 data points.
Computes 8 coefficient sets for a Clamped Cubic Spline.

S(x) =  S(j)(x) = a(j) + b(j)*(x-x(j)) + c(j)*(x-x(j))^2 + d(j)*(x-x(j))^3
	for x(j) ó x ó x(j+1)

FPO = f'(1) = 1
FPN = f'(17) = -0.67

 i	x(i)	 a(i) = f(x)	 b(i)		 c(i)		 d(i)
-------------------------------------------------------------------------------
 0	 1	 3.000000000	 1.000000000	-0.346809965	 0.046809965
 1	 2	 3.700000000	 0.446809965	-0.206380069	 0.026555212
 2	 5	 3.900000000	-0.074479723	 0.032616840	 0.341862883
 3	 6	 4.200000000	 1.016342606	 1.058205488	-0.574548094
 4	 7	 5.700000000	 1.409109300	-0.665438794	 0.156329493
 5	 8	 6.600000000	 0.547220193	-0.196450314	 0.023920109
 6	 10	 7.100000000	 0.048460242	-0.052929662	-0.002556065
 7	 13	 6.700000000	-0.338131498	-0.075934251	 0.005741781
 8	 17	 4.500000000

    ô17
I = ³  S(x) dx = 87.983946567
    õ1

f(9) ÷ S(9) = 6.9746899878
f'(9) ÷ S'(9) = 0.22607989136
f''(9) ÷ S''(9) = -0.24937997565
