-------------------------------------------------------------------------------
		   "Numerical Analysis Algorithms in C" v4.2
-------------------------------------------------------------------------------

NAA v4.2 Sample Output

Midpoint, Modified Euler, and Heun's Methods - Algorithm 5.1B

y' = f(t,y) = -y + t*t + 1

Solving for points on interval [0,1].
y(0) = à = 1
Number of intervals N = 10
Interval number h = 0.1

Using Midpoint Method:

 t	  w ÷ y
-----------------------
 0.00	 1.00000000000
 0.10	 1.00025000000
 0.20	 1.00242625000
 0.30	 1.00824575625
 0.40	 1.01926240941
 0.50	 1.03688248051
 0.60	 1.06237864486
 0.70	 1.09690267360
 0.80	 1.14149691961
 0.90	 1.19710471225
 1.00	 1.26457976458

Using Modified Euler Method:

 t	  w ÷ y
-----------------------
 0.00	 1.00000000000
 0.10	 1.00050000000
 0.20	 1.00290250000
 0.30	 1.00892676250
 0.40	 1.02012872006
 0.50	 1.03791649166
 0.60	 1.06356442495
 0.70	 1.09822580458
 0.80	 1.14294435314
 0.90	 1.19866463960
 1.00	 1.26624149883

Using Heun's Method:

 t	  w ÷ y
-----------------------
 0.00	 1.00000000000
 0.10	 1.00033333333
 0.20	 1.00258500000
 0.30	 1.00847275833
 0.40	 1.01955117963
 0.50	 1.03722715089
 0.60	 1.06277390489
 0.70	 1.09734371726
 0.80	 1.14197939745
 0.90	 1.19762468803
 1.00	 1.26513367600

 t	  Midpoint	  Modified Euler  Heun's
-------------------------------------------------------
 0.00	 1.000000000	 1.000000000	 1.000000000
 0.10	 1.000250000	 1.000500000	 1.000333333
 0.20	 1.002426250	 1.002902500	 1.002585000
 0.30	 1.008245756	 1.008926763	 1.008472758
 0.40	 1.019262409	 1.020128720	 1.019551180
 0.50	 1.036882481	 1.037916492	 1.037227151
 0.60	 1.062378645	 1.063564425	 1.062773905
 0.70	 1.096902674	 1.098225805	 1.097343717
 0.80	 1.141496920	 1.142944353	 1.141979397
 0.90	 1.197104712	 1.198664640	 1.197624688
 1.00	 1.264579765	 1.266241499	 1.265133676
