-------------------------------------------------------------------------------
		   "Numerical Analysis Algorithms in C" v4.2
-------------------------------------------------------------------------------

NAA v4.2 Sample Output

Runge-Kutta-Fehlberg - Algorithm 5.3

y  = y(t)   = t + exp(-t)
y' = f(t,y) = -y + t + 1

Tolerance: 1e-005
Solving for points on interval [0,2].
y(0) = à = 1
Minimum interval number, hmin = 0.02
Maximum interval number, hmax = 0.25

 i	 t	   w ÷ y	 h		 R		 y(t)		 |y(t) - w|
-------------------------------------------------------------------------------------------
 0	 0.000000  1.000000000	 0.25000000	 0.000e+000	 1.000000e+000	 0.000e+000
 1	 0.250000  1.028799204	 0.25000000	 5.478e-006	 1.028801e+000	 1.579e-006
 2	 0.494103  1.104218680	 0.24410317	 3.870e-006	 1.104221e+000	 2.324e-006
 3	 0.744103  1.219260644	 0.25000000	 3.342e-006	 1.219263e+000	 2.773e-006
 4	 0.994103  1.364155432	 0.25000000	 2.603e-006	 1.364158e+000	 2.910e-006
 5	 1.244103  1.532299577	 0.25000000	 2.027e-006	 1.532302e+000	 2.851e-006
 6	 1.494103  1.718550303	 0.25000000	 1.579e-006	 1.718553e+000	 2.676e-006
 7	 1.744103  1.918902418	 0.25000000	 1.229e-006	 1.918905e+000	 2.438e-006
 8	 1.994103  2.130236686	 0.25000000	 9.575e-007	 2.130239e+000	 2.175e-006
 9	 2.000000  2.135333121	 0.00589683	 2.115e-013	 2.135335e+000	 2.162e-006
