-------------------------------------------------------------------------------
		   "Numerical Analysis Algorithms in C" v4.2
-------------------------------------------------------------------------------

NAA v4.2 Sample Output

Adams-Bashforth (all four) and Milne's Methods - Algorithm 5.4B

y' = f(t,y) = -y + t + 1

Solving for points on interval [0,1].
Number of intervals N = 10
Interval number h = 0.1

y(0) = à0 =  1.00000000000
y(0.1) = à1 =  1.00483741800
y(0.2) = à2 =  1.01873075300
y(0.3) = à3 =  1.04081822100
y(0.4) = à4 =  1.07032004600


Using Runge-Kutta (Order Four) Method:

 t	  w ÷ y
-----------------------
 0.00	 1.00000000000
 0.10	 1.00483750000
 0.20	 1.01873090141
 0.30	 1.04081842200
 0.40	 1.07032028892
 0.50	 1.10653093442
 0.60	 1.14881193438
 0.70	 1.19658561867
 0.80	 1.24932928973
 0.90	 1.30656999120
 1.00	 1.36787977441


Using Adams-Bashforth Two-Step Method:

 t	  w ÷ y
-----------------------
 0.00	 1.00000000000
 0.10	 1.00483741800
 0.20	 1.01911180530
 0.30	 1.04148690541
 0.40	 1.07121945986
 0.50	 1.10761088615
 0.60	 1.15003022622
 0.70	 1.19790623660
 0.80	 1.25072181242
 0.90	 1.30800885238
 1.00	 1.36934361515


Using Adams-Bashforth Three-Step Method:

 t	  w ÷ y
-----------------------
 0.00	 1.00000000000
 0.10	 1.00483741800
 0.20	 1.01873075300
 0.30	 1.04078568108
 0.40	 1.07026430019
 0.50	 1.10645461875
 0.60	 1.14871998680
 0.70	 1.19648159266
 0.80	 1.24921634319
 0.90	 1.30645075698
 1.00	 1.36775647463


Using Adams-Bashforth Four-Step Method:

 t	  w ÷ y
-----------------------
 0.00	 1.00000000000
 0.10	 1.00483741800
 0.20	 1.01873075300
 0.30	 1.04081822100
 0.40	 1.07032292019
 0.50	 1.10653547573
 0.60	 1.14881840792
 0.70	 1.19659339365
 0.80	 1.24933815655
 0.90	 1.30657961407
 1.00	 1.36788995810


Using Adams-Bashforth Five-Step Method:

 t	  w ÷ y
-----------------------
 0.00	 1.00000000000
 0.10	 1.00483741800
 0.20	 1.01873075300
 0.30	 1.04081822100
 0.40	 1.07032004600
 0.50	 1.10653040132
 0.60	 1.14881121187
 0.70	 1.19658468044
 0.80	 1.24932824426
 0.90	 1.30656882491
 1.00	 1.36787855305


Using Milne's Method:

 t	  w ÷ y
-----------------------
 0.00	 1.00000000000
 0.10	 1.00483741800
 0.20	 1.01873075300
 0.30	 1.04081822100
 0.40	 1.07032259667
 0.50	 1.10653228756
 0.60	 1.14881363027
 0.70	 1.19658619882
 0.80	 1.24933281767
 0.90	 1.30657139461
 1.00	 1.36788264771


Using all 4 Adams-Bashforth Methods with starting
values from the Runge-Kutta (Order Four) Method:

Using Adams-Bashforth Two-Step Method:

 t	  w ÷ y
-----------------------
 0.00	 1.00000000000
 0.10	 1.00483750000
 0.20	 1.01911187500
 0.30	 1.04148696875
 0.40	 1.07121951719
 0.50	 1.10761093805
 0.60	 1.15003027320
 0.70	 1.19790627912
 0.80	 1.25072185091
 0.90	 1.30800888723
 1.00	 1.36934364669


Using Adams-Bashforth Three-Step Method:

 t	  w ÷ y
-----------------------
 0.00	 1.00000000000
 0.10	 1.00483750000
 0.20	 1.01873090141
 0.30	 1.04078581197
 0.40	 1.07026442236
 0.50	 1.10645472878
 0.60	 1.14872008658
 0.70	 1.19648168289
 0.80	 1.24921642485
 0.90	 1.30645083086
 1.00	 1.36775654147


Using Adams-Bashforth Four-Step Method:

 t	  w ÷ y
-----------------------
 0.00	 1.00000000000
 0.10	 1.00483750000
 0.20	 1.01873090141
 0.30	 1.04081842200
 0.40	 1.07032309897
 0.50	 1.10653564315
 0.60	 1.14881855550
 0.70	 1.19659352854
 0.80	 1.24933827770
 0.90	 1.30657972414
 1.00	 1.36789005748


Using Adams-Bashforth Five-Step Method:

 t	  w ÷ y
-----------------------
 0.00	 1.00000000000
 0.10	 1.00483750000
 0.20	 1.01873090141
 0.30	 1.04081842200
 0.40	 1.07032028892
 0.50	 1.10653061813
 0.60	 1.14881141540
 0.70	 1.19658485590
 0.80	 1.24932840900
 0.90	 1.30656896970
 1.00	 1.36787868779

