-------------------------------------------------------------------------------
		"Numerical Analysis Algorithms in C" v4.2
-------------------------------------------------------------------------------

NAA v4.2 Sample Output

Extrapolation - Algorithm 5.6

y' = f(t,y) = -y + t + 1

Tolerance: 1e-005
Solving for points on interval [0,2].
y(0) = à = 1
Minimum interval number, hmin = 0.02
Maximum interval number, hmax = 0.25

 i	 t		 h		 w ÷ y
-------------------------------------------------------
 0	 0.000000000	 0.250000000	 1.000000000
 1	 0.250000000	 0.250000000	 1.028799813
 2	 0.500000000	 0.250000000	 1.106529149
 3	 0.750000000	 0.250000000	 1.222364788
 4	 1.000000000	 0.250000000	 1.367877608
 5	 1.250000000	 0.250000000	 1.536505550
 6	 1.500000000	 0.250000000	 1.723132445
 7	 1.750000000	 0.250000000	 1.923771759
 8	 2.000000000	 0.250000000	 2.135330495
