-------------------------------------------------------------------------------
		   "Numerical Analysis Algorithms in C" v4.2
-------------------------------------------------------------------------------

NAA v4.2 Sample Output

Runge-Kutta for Systems of Differential Equations - Algorithm 5.7

y'(1) = f(1,t,y) = -4*y[1] + 3*y[2] + 6
y'(2) = f(2,t,y) = -2.4*y[1] + 1.6*y[2] + 3.6

Solving for points on interval [0,0.5].
y[1](0) = à1 = 0
y[2](0) = à2 = 0
Number of intervals N = 5
Interval number h = 0.1

 t	 W[1]		 W[2]		
---------------------------------------
 0.00	 0.000000000	 0.000000000	
 0.10	 0.538255200	 0.319626240	
 0.20	 0.968498738	 0.568782173	
 0.30	 1.310719039	 0.760733132	
 0.40	 1.581265239	 0.906320618	
 0.50	 1.793507490	 1.014402417	
