-------------------------------------------------------------------------------
		   "Numerical Analysis Algorithms in C" v4.2
-------------------------------------------------------------------------------

NAA v4.2 Sample Output

Gauss-Jordan Method - Algorithm 6.1C1

Solves A*X = B.

A = [   1  -1   2  -1 ]
    [   2  -2   3  -3 ]
    [   1   1   1   0 ]
    [   1  -1   4   3 ]
    
B = [  -8 -20  -2   4 ]

At row 1:
E = [   1  -1   2  -1  |  -8 ]
    [   2  -2   3  -3  | -20 ]
    [   1   1   1   0  |  -2 ]
    [   1  -1   4   3  |   4 ]
    
No rows need swapping.

At row 2:
E = [   1  -1   2  -1  |  -8 ]
    [   0   0  -1  -1  |  -4 ]
    [   0   2  -1   1  |   6 ]
    [   0   0   2   4  |  12 ]
    
Need to swap row 2 with row 3.

At row 3:
E = [   1   0  1.5 -0.5  |  -5 ]
    [   0   2  -1   1  |   6 ]
    [   0   0  -1  -1  |  -4 ]
    [   0   0   2   4  |  12 ]
    
No rows need swapping.

At row 4:
E = [   1   0   0  -2  | -11 ]
    [   0   2   0   2  |  10 ]
    [   0   0  -1  -1  |  -4 ]
    [   0   0   0   2  |   4 ]
    
No rows need swapping.

E = [   1   0   0   0  |  -7 ]
    [   0   2   0   0  |   6 ]
    [   0   0  -1   0  |  -2 ]
    [   0   0   0   2  |   4 ]
    

X = [ -7  3  2  2 ]
