-------------------------------------------------------------------------------
		   "Numerical Analysis Algorithms in C" v4.2
-------------------------------------------------------------------------------

NAA v4.2 Sample Output

Gaussian-Elimination - Gauss-Jordan Hybrid Method - Algorithm 6.1D2

Solves A*X = B.

Computed with 2-digit rounding arithmetic.

A = [  0.04  0.01 -0.01 ]
    [  0.2  0.5 -0.2 ]
    [   1   2   4 ]
    
B = [  0.06  0.3  11 ]

At row 1:
E = [  0.04  0.01 -0.01  |  0.06 ]
    [  0.2  0.5 -0.2  |  0.3 ]
    [   1   2   4  |  11 ]
    
No rows need swapping.

At row 2:
E = [  0.04  0.01 -0.01  |  0.06 ]
    [  3e-009  0.45 -0.15  |  1.2e-008 ]
    [   0  1.7  4.2  |  9.5 ]
    
No rows need swapping.

At row 3:
E = [  0.04  0.01 -0.01  |  0.06 ]
    [  3e-009  0.45 -0.15  |  1.2e-008 ]
    [ -1.1e-008  4.8e-008  4.8  |  9.5 ]
    
At column 3:
E = [  19  4.8  1.9e-007  |  38 ]
    [  8.5e-008  14  1.9e-007  |  9.5 ]
    [ -1.1e-008  4.8e-008  4.8  |  9.5 ]
    
At column 2:
E = [ -55   0 -3.6e-007  | -100 ]
    [  8.5e-008  14  1.9e-007  |  9.5 ]
    [ -1.1e-008  4.8e-008  4.8  |  9.5 ]
    

X = [  1.8  0.68  2 ]
