-------------------------------------------------------------------------------
		   "Numerical Analysis Algorithms in C" v4.2
-------------------------------------------------------------------------------

NAA v4.2 Sample Output

Gaussian Elimination with Scaled Column Pivoting - Algorithm 6.3

Solves A*X = B.

A = [   1  -1   2  -1 ]
    [   2  -2   3  -3 ]
    [   1   1   1   0 ]
    [   1  -1   4   3 ]
    
B = [  -8 -20  -2   4 ]

At row 1:
E = [   1  -1   2  -1  |  -8 ]
    [   2  -2   3  -3  | -20 ]
    [   1   1   1   0  |  -2 ]
    [   1  -1   4   3  |   4 ]
    
Need to swap row 1 with row 2.

At row 2:
E = [   2  -2   3  -3  | -20 ]
    [   0   0  0.5  0.5  |   2 ]
    [   0   2 -0.5  1.5  |   8 ]
    [   0   0  2.5  4.5  |  14 ]
    
Need to swap row 2 with row 3.

At row 3:
E = [   2  -2   3  -3  | -20 ]
    [   0   2 -0.5  1.5  |   8 ]
    [   0   0  0.5  0.5  |   2 ]
    [   0   0  2.5  4.5  |  14 ]
    
Need to swap row 3 with row 4.

At row 4:
E = [   2  -2   3  -3  | -20 ]
    [   0   2 -0.5  1.5  |   8 ]
    [   0   0  2.5  4.5  |  14 ]
    [   0   0 -7.45058e-009 -0.4  | -0.8 ]
    

X = [ -6.999999  2.9999998  1.9999996  2.0000002 ]
