-------------------------------------------------------------------------------
		   "Numerical Analysis Algorithms in C" v4.2
-------------------------------------------------------------------------------

NAA v4.2 Sample Output

Direct Factorization - Algorithm 6.4

Forms A = LU.

A = [   6   2   1  -1 ]
    [   2   4   1   0 ]
    [   1   1   4  -1 ]
    [  -1   0  -1   3 ]
    

Using Doolittle's Method.

L = [  1.0000000  0.0000000  0.0000000  0.0000000 ]
    [  0.3333333  1.0000000  0.0000000  0.0000000 ]
    [  0.1666667  0.2000000  1.0000000  0.0000000 ]
    [ -0.1666667  0.1000000 -0.2432432  1.0000000 ]
    
U = [  6.0000000  2.0000000  1.0000000 -1.0000000 ]
    [  0.0000000  3.3333333  0.6666666  0.3333333 ]
    [  0.0000000  0.0000000  3.7000000 -0.9000000 ]
    [  0.0000000  0.0000000  0.0000000  2.5810812 ]
    

Using Crout's Method.

L = [  6.0000000  0.0000000  0.0000000  0.0000000 ]
    [  2.0000000  3.3333333  0.0000000  0.0000000 ]
    [  1.0000000  0.6666666  3.7000000  0.0000000 ]
    [ -1.0000000  0.3333333 -0.9000000  2.5810812 ]
    
U = [  1.0000000  0.3333333  0.1666667 -0.1666667 ]
    [  0.0000000  1.0000000  0.2000000  0.1000000 ]
    [  0.0000000  0.0000000  1.0000000 -0.2432432 ]
    [  0.0000000  0.0000000  0.0000000  1.0000000 ]
    

Using Other Upper Method.

L = [  3.0000000  0.0000000  0.0000000  0.0000000 ]
    [  1.0000000  1.6666666  0.0000000  0.0000000 ]
    [  0.5000000  0.3333333  1.8500000  0.0000000 ]
    [ -0.5000000  0.1666667 -0.4500000  1.2905406 ]
    
U = [  2.0000000  0.6666667  0.3333333 -0.3333333 ]
    [  0.0000000  2.0000000  0.4000000  0.2000000 ]
    [  0.0000000  0.0000000  2.0000000 -0.4864865 ]
    [  0.0000000  0.0000000  0.0000000  2.0000000 ]
    

Using Other Lower Method.

L = [  2.0000000  0.0000000  0.0000000  0.0000000 ]
    [  0.6666667  2.0000000  0.0000000  0.0000000 ]
    [  0.3333333  0.4000000  2.0000000  0.0000000 ]
    [ -0.3333333  0.2000000 -0.4864865  2.0000000 ]
    
U = [  3.0000000  1.0000000  0.5000000 -0.5000000 ]
    [  0.0000000  1.6666666  0.3333333  0.1666667 ]
    [  0.0000000  0.0000000  1.8500000 -0.4500000 ]
    [  0.0000000  0.0000000  0.0000000  1.2905406 ]
    
