-------------------------------------------------------------------------------
		   "Numerical Analysis Algorithms in C" v4.2
-------------------------------------------------------------------------------

NAA v4.2 Sample Output

Direct Factorization which solves AX=B - Algorithm 6.4B

Solves A*X = B by forming A = LU.

A = [   1  0.333  1.5 -0.333 ]
    [ -2.01  1.45  0.5  2.95 ]
    [  4.32 -1.95   0  2.08 ]
    [  5.11  -4  3.33 -1.11 ]
    
B = [   3  5.4  0.13  3.77 ]

Using Doolittle's Method.

L = [  1.0000000  0.0000000  0.0000000  0.0000000 ]
    [ -2.0100000  1.0000000  0.0000000  0.0000000 ]
    [  4.3200002 -1.5988828  1.0000000  0.0000000 ]
    [  5.1100001 -2.6902986 -5.9556160  1.0000000 ]
    
U = [  1.0000000  0.3330000  1.5000000 -0.3330000 ]
    [  0.0000000  2.1193299  3.5149999  2.2806702 ]
    [  0.0000000  0.0000000 -0.8599277  7.1650844 ]
    [  0.0000000  0.0000000  0.0000000  49.3998032 ]
    

X = [ -0.32379389  0.33060709  2.3744445  1.0449396 ]

******************************************************************************

Using Crout's Method.

L = [  1.0000000  0.0000000  0.0000000  0.0000000 ]
    [ -2.0100000  2.1193299  0.0000000  0.0000000 ]
    [  4.3200002 -3.3885603 -0.8599276  0.0000000 ]
    [  5.1100001 -5.7016301  5.1213984  49.3998032 ]
    
U = [  1.0000000  0.3330000  1.5000000 -0.3330000 ]
    [  0.0000000  1.0000000  1.6585430  1.0761279 ]
    [  0.0000000  0.0000000  1.0000000 -8.3321953 ]
    [  0.0000000  0.0000000  0.0000000  1.0000000 ]
    

X = [ -0.32379436  0.33060646  2.374445  1.0449396 ]

******************************************************************************

Using Other Upper Method.

L = [  0.5000000  0.0000000  0.0000000  0.0000000 ]
    [ -1.0050000  1.0596650  0.0000000  0.0000000 ]
    [  2.1600001 -1.6942801 -0.4299638  0.0000000 ]
    [  2.5550001 -2.8508151  2.5606992  24.6999016 ]
    
U = [  2.0000000  0.6660000  3.0000000 -0.6660000 ]
    [  0.0000000  2.0000000  3.3170860  2.1522558 ]
    [  0.0000000  0.0000000  2.0000000 -16.6643906 ]
    [  0.0000000  0.0000000  0.0000000  2.0000000 ]
    

X = [ -0.32379436  0.33060646  2.374445  1.0449396 ]


******************************************************************************

Using Other Lower Method.

L = [  2.0000000  0.0000000  0.0000000  0.0000000 ]
    [ -4.0200000  2.0000000  0.0000000  0.0000000 ]
    [  8.6400003 -3.1977656  2.0000000  0.0000000 ]
    [  10.2200003 -5.3805971 -11.9112320  2.0000000 ]
    
U = [  0.5000000  0.1665000  0.7500000 -0.1665000 ]
    [  0.0000000  1.0596650  1.7574999  1.1403351 ]
    [  0.0000000  0.0000000 -0.4299639  3.5825422 ]
    [  0.0000000  0.0000000  0.0000000  24.6999016 ]
    

X = [ -0.32379389  0.33060709  2.3744445  1.0449396 ]

******************************************************************************
