-------------------------------------------------------------------------------
		   "Numerical Analysis Algorithms in C" v4.2
-------------------------------------------------------------------------------

NAA v4.2 Sample Output

Direct Factorization with Maximal Column Pivoting - Algorithm 6.4C

Solves A*X = B by forming A = LU.

A = [   1  0.333  1.5 -0.333 ]
    [ -2.01  1.45  0.5  2.95 ]
    [  4.32 -1.95   0  2.08 ]
    [  5.11  -4  3.33 -1.11 ]
    
B = [   3  5.4  0.13  3.77 ]

Using Doolittle's Method.

L = [  1.0000000  0.0000000  0.0000000  0.0000000 ]
    [  0.8454012  1.0000000  0.0000000  0.0000000 ]
    [  0.1956947  0.7793904  1.0000000  0.0000000 ]
    [ -0.3933464 -0.0861868  0.5151123  1.0000000 ]
    
U = [  5.1100001 -4.0000000  3.3299999 -1.1100000 ]
    [  0.0000000  1.4316046 -2.8151858  3.0183952 ]
    [  0.0000000  0.0000000  3.0424654 -2.4682870 ]
    [  0.0000000  0.0000000  0.0000000  4.0449762 ]
    

X = [ -0.32379389  0.33060735  2.3744442  1.0449395 ]

******************************************************************************

Using Crout's Method.

L = [  5.1100001  0.0000000  0.0000000  0.0000000 ]
    [  4.3200002  1.4316049  0.0000000  0.0000000 ]
    [  1.0000000  1.1157789  3.0424652  0.0000000 ]
    [ -2.0100000 -0.1233854  1.5672115  4.0449762 ]
    
U = [  1.0000000 -0.7827789  0.6516634 -0.2172211 ]
    [  0.0000000  1.0000000 -1.9664545  2.1083996 ]
    [  0.0000000  0.0000000  1.0000000 -0.8112786 ]
    [  0.0000000  0.0000000  0.0000000  1.0000000 ]
    

X = [ -0.32379395  0.33060718  2.3744442  1.0449396 ]

******************************************************************************

Using Other Upper Method.

L = [  2.5550001  0.0000000  0.0000000  0.0000000 ]
    [  2.1600001  0.7158024  0.0000000  0.0000000 ]
    [  0.5000000  0.5578895  1.5212326  0.0000000 ]
    [ -1.0050000 -0.0616927  0.7836058  2.0224881 ]
    
U = [  2.0000000 -1.5655577  1.3033267 -0.4344423 ]
    [  0.0000000  2.0000000 -3.9329090  4.2167993 ]
    [  0.0000000  0.0000000  2.0000000 -1.6225572 ]
    [  0.0000000  0.0000000  0.0000000  2.0000000 ]
    

X = [ -0.32379395  0.33060718  2.3744442  1.0449396 ]

******************************************************************************

Using Other Lower Method.

L = [  2.0000000  0.0000000  0.0000000  0.0000000 ]
    [  1.6908023  2.0000000  0.0000000  0.0000000 ]
    [  0.3913894  1.5587808  2.0000000  0.0000000 ]
    [ -0.7866927 -0.1723736  1.0302247  2.0000000 ]
    
U = [  2.5550001 -2.0000000  1.6650000 -0.5550000 ]
    [  0.0000000  0.7158023 -1.4075929  1.5091976 ]
    [  0.0000000  0.0000000  1.5212327 -1.2341435 ]
    [  0.0000000  0.0000000  0.0000000  2.0224881 ]
    

X = [ -0.32379389  0.33060735  2.3744442  1.0449395 ]

******************************************************************************
