-------------------------------------------------------------------------------
		   "Numerical Analysis Algorithms in C" v4.2
-------------------------------------------------------------------------------

NAA v4.2 Sample Output

Vector and Matrix Norms - Algorithm 7.0B

A = [  1  2 -1 ]
    [  0  3 -1 ]
    [  5 -1  1 ]
    
The Unit (1) Norm       = 6
The Infinite (ì) Norm   = 7
The Circle-One (1) Norm = 15
The Frobenius (F) Norm  = 6.55743852
The Euclidean (2) Norm  = 5.28238547

******************************************************************************

-------------------------------------------------------------------------------
		   "Numerical Analysis Algorithms in C" v4.2
-------------------------------------------------------------------------------

NAA v4.2 Sample Output

Vector and Matrix Norms - Algorithm 7.0B

X = [  2  1 -3  4 ]t

The Unit (1) Norm      = 10
The Euclidean (2) Norm = 5.47722558
The Infinite (ì) Norm  = 4

******************************************************************************
