-------------------------------------------------------------------------------
		   "Numerical Analysis Algorithms in C" v4.2
-------------------------------------------------------------------------------

NAA v4.2 Sample Output

Jacobi Iterative - Algorithm 7.1

Maximum number of iterations: 25
Tolerance = 0.0001
System has 4 equations and 4 unknowns.

A = [        10        -1         2         0 ]
    [        -1        11        -1         3 ]
    [         2        -1        10        -1 ]
    [         0         3        -1         8 ]
    
B = [         6        25       -11        15 ]t

X0 = [         0         0         0         0 ]t

 k	 X[1]		 X[2]		 X[3]		 X[4]		
----------------------------------------------------------------------
 0	 0.000000000	 0.000000000	 0.000000000	 0.000000000	
 1	 0.600000000	 2.272727273	-1.100000000	 1.875000000	
 2	 1.047272727	 1.715909091	-0.805227273	 0.885227273	
 3	 0.932636364	 2.053305785	-1.049340909	 1.130880682	
 4	 1.015198760	 1.953695764	-0.968108626	 0.973842717	
 5	 0.988991302	 2.011414726	-1.010285904	 1.021350510	
 6	 1.003198653	 1.992241261	-0.994521737	 0.994433740	
 7	 0.998128473	 2.002306882	-1.001972231	 1.003594310	
 8	 1.000625134	 1.998670301	-0.999035576	 0.998888391	
 9	 0.999674145	 2.000447672	-1.000369158	 1.000619190	
 10	 1.000118599	 1.999767947	-0.999828143	 0.999785978	
 11	 0.999942423	 2.000084775	-1.000068327	 1.000108502	
 12	 1.000022143	 1.999958963	-0.999969157	 0.999959669	
 13	 0.999989728	 2.000015816	-1.000012565	 1.000019244	
