-------------------------------------------------------------------------------
		   "Numerical Analysis Algorithms in C" v4.2
-------------------------------------------------------------------------------

NAA v4.2 Sample Output

Gauss-Seidel Iterative - Algorithm 7.2

Maximum number of iterations: 25
Tolerance = 0.0001
System has 4 equations and 4 unknowns.

A = [        10        -1         2         0 ]
    [        -1        11        -1         3 ]
    [         2        -1        10        -1 ]
    [         0         3        -1         8 ]
    
B = [         6        25       -11        15 ]t

X0 = [         0         0         0         0 ]t

 k	 X[1]		 X[2]		 X[3]		 X[4]		
----------------------------------------------------------------------
 0	 0.000000000	 0.000000000	 0.000000000	 0.000000000	
 1	 0.600000000	 2.327272727	-0.987272727	 0.878863636	
 2	 1.030181818	 2.036938017	-1.014456198	 0.984341219	
 3	 1.006585041	 2.003555017	-1.002527385	 0.998350946	
 4	 1.000860979	 2.000298251	-1.000307276	 0.999849746	
 5	 1.000091280	 2.000021342	-1.000031147	 0.999988103	
 6	 1.000008364	 2.000001173	-1.000002745	 0.999999217	
