-------------------------------------------------------------------------------
		   "Numerical Analysis Algorithms in C" v4.2
-------------------------------------------------------------------------------

NAA v4.2 Sample Output

Successive Over Relaxation (SOR) - Algorithm 7.3

Relaxation-Factor w =  1.25
Maximum number of iterations: 25
Tolerance = 0.0001
System has 3 equations and 3 unknowns.

A = [         4         3         0 ]
    [         3         4        -1 ]
    [         0        -1         4 ]
    
B = [        24        30       -24 ]t

X0 = [         1         1         1 ]t

 k	 X[1]		 X[2]		 X[3]		
-------------------------------------------------------
 0	 1.000000000	 1.000000000	 1.000000000	
 1	 6.312500000	 3.519531250	-6.650146484	
 2	 2.622314453	 3.958526611	-4.600423813	
 3	 3.133302689	 4.010264635	-5.096686348	
 4	 2.957051232	 4.007483827	-4.973489717	
 5	 3.003721104	 4.002924972	-5.005713517	
 6	 2.996327563	 4.000926193	-4.998282186	
 7	 3.000049804	 4.000258578	-5.000348648	
 8	 2.999745132	 4.000065342	-4.999892419	
 9	 3.000002459	 4.000014978	-5.000022215	
 10	 2.999985343	 4.000003054	-4.999993492	
