-------------------------------------------------------------------------------
		   "Numerical Analysis Algorithms in C" v4.2
-------------------------------------------------------------------------------

NAA v4.2 Sample Output - (Using Functions)

Least-Squares Polynomial Approximation - Algorithm 8.0B

f(x) = sin(Pi*X)

Computes integrals using Simpson's Rule

The lower interval value, a, is: 0
The upper interval value, b, is: 1

The polynomial coefficient matrix is:

[         1       0.5  0.333333 ][ a0 ] = [   0.63662 ]
[       0.5  0.333333      0.25 ][ a1 ] = [   0.31831 ]
[  0.333333      0.25       0.2 ][ a2 ] = [  0.189304 ]

P(x) = -4.12251*X^2 + 4.12251*X - 0.0504654

P(0) = -0.0504653751
P(0.5) = 0.980162351
P(1) = -0.0504653751

******************************************************************************

-------------------------------------------------------------------------------
		   "Numerical Analysis Algorithms in C" v4.2
-------------------------------------------------------------------------------

NAA v4.2 Sample Output - (Using Tabulated Data)

Least-Squares Polynomial Approximation - Algorithm 8.0B

f(x) = sin(Pi*X)

i	 x	 y
--------------------------
1	 0	 1
2	 0.25	 1.284
3	 0.5	 1.6487
4	 0.75	 2.117
5	 1	 2.7183

The polynomial coefficient matrix is:

[         5       2.5     1.875 ][ a0 ] = [     8.768 ]
[       2.5     1.875    1.5625 ][ a1 ] = [    5.4514 ]
[     1.875    1.5625   1.38281 ][ a2 ] = [   4.40154 ]

P(x) = 0.843657*X^2 + 0.864183*X + 1.00514

P(0) = 1.00513714
P(0.25) = 1.27391143
P(0.5) = 1.64814286
P(0.75) = 2.12783143
P(1) = 2.71297714

******************************************************************************
