-------------------------------------------------------------------------------
		   "Numerical Analysis Algorithms in C" v4.2
-------------------------------------------------------------------------------

NAA v4.2 Sample Output

Fast Fourier Transformation - Algorithm 8.1

m = 2^p = 8, where p = 3.

Using [0, 2] for the interval.

Transforming [0, 2] to [-ã, ã] gives:

k	 X[k]			 Z[k]
--------------------------------------------
0	 0.00000000	--->	-3.14159265
1	 0.12500000	--->	-2.74889357
2	 0.25000000	--->	-2.35619449
3	 0.37500000	--->	-1.96349541
4	 0.50000000	--->	-1.57079633
5	 0.62500000	--->	-1.17809725
6	 0.75000000	--->	-0.78539816
7	 0.87500000	--->	-0.39269908
8	 1.00000000	--->	 0.00000000
9	 1.12500000	--->	 0.39269908
10	 1.25000000	--->	 0.78539816
11	 1.37500000	--->	 1.17809725
12	 1.50000000	--->	 1.57079633
13	 1.62500000	--->	 1.96349541
14	 1.75000000	--->	 2.35619449
15	 1.87500000	--->	 2.74889357

f(x) = e^(-x)

 k	 Re(C)		 Im(C)		 Re(C_carat)	 Im(C_carat)
----------------------------------------------------------------------
 0	 7.35865498	        0	 0.919831872	        0
 1	 1.07779765	 1.97093439	-0.134724706	-0.246366799
 2	 0.612510264	 1.01659131	 0.076563783	 0.127073914
 3	 0.519004822	 0.638934374	-0.0648756027	-0.0798667967
 4	 0.486094236	 0.428976536	 0.0607617795	 0.053622067
 5	 0.471298307	 0.287250072	-0.0589122884	-0.035906259
 6	 0.463926852	 0.178260982	 0.0579908565	 0.0222826228
 7	 0.460381448	 0.0856480598	-0.057547681	-0.0107060075
 8	 0.459317923	        0	 0.0574147403	        0
 9	 0.460381448	-0.0856480598	-0.057547681	 0.0107060075
 10	 0.463926852	-0.178260982	 0.0579908565	-0.0222826228
 11	 0.471298307	-0.287250072	-0.0589122884	 0.035906259
 12	 0.486094236	-0.428976536	 0.0607617795	-0.053622067
 13	 0.519004822	-0.638934374	-0.0648756027	 0.0798667967
 14	 0.612510264	-1.01659131	 0.076563783	-0.127073914
 15	 1.07779765	-1.97093439	-0.134724706	 0.246366799


 k	 A = Re(C_carat) B = Im(C_carat)
------------------------------------------
 0	 0.919831872
 1	-0.134724706	-0.246366799
 2	 0.076563783	 0.127073914
 3	-0.0648756027	-0.0798667967
 4	 0.0607617795	 0.053622067
 5	-0.0589122884	-0.035906259
 6	 0.0579908565	 0.0222826228
 7	-0.057547681	-0.0107060075
 8	 0.0574147403

Use the above coefficients in the trigonometric interpolatory
polynomial S(x) of degree 8:

S(x) = A[0] / 2  +  A[8] * cos(8x)  +  ä (A[k] * cos(kx)  +  B[k] * sin(kx))
       summed from k = 1 to 7.
