-------------------------------------------------------------------------------
		   "Numerical Analysis Algorithms in C" v4.2
-------------------------------------------------------------------------------

NAA v4.2 Sample Output

Power Method - Algorithm 9.1

Maximum number of iterations: 25
Tolerance = 0.0001
System has 3 equations and 3 unknowns.

A = [  -4   14    0  ]
    [  -5   13    0  ]
    [  -1    0    2  ]
    
X = [    1    1    1  ]t


 k	 æ = mu		 X[1]		 X[2]		 X[3]		
----------------------------------------------------------------------
 0			 1.000000000	 1.000000000	 1.000000000	
 1	 10.000000000	 1.000000000	 0.800000000	 0.100000000	
 2	 7.200000000	 1.000000000	 0.750000000	-0.111111111	
 3	 6.500000000	 1.000000000	 0.730769231	-0.188034188	
 4	 6.230769231	 1.000000000	 0.722222222	-0.220850480	
 5	 6.111111111	 1.000000000	 0.718181818	-0.235914703	
 6	 6.054545455	 1.000000000	 0.716216216	-0.243094947	
 7	 6.027027027	 1.000000000	 0.715246637	-0.246587561	
 8	 6.013452915	 1.000000000	 0.714765101	-0.248305781	
 9	 6.006711409	 1.000000000	 0.714525140	-0.249156562	
 10	 6.003351955	 1.000000000	 0.714405360	-0.249579424	
 11	 6.001675042	 1.000000000	 0.714345521	-0.249790073	
 12	 6.000837287	 1.000000000	 0.714315613	-0.249895152	
 13	 6.000418585	 1.000000000	 0.714300663	-0.249947613	
