-------------------------------------------------------------------------------
		   "Numerical Analysis Algorithms in C" v4.2
-------------------------------------------------------------------------------

NAA v4.2 Sample Output

Wielandt's Deflation using Power Method for lambda1 - Algorithm 9.4B

Maximum number of iterations: 25
Tolerance = 0.0001
System has 3 equations and 3 unknowns.

A = [   4   -1    1  ]
    [  -1    3   -2  ]
    [   1   -2    3  ]
    
Approximate first Eigenvector, V:
V = [   1  -1   1 ]t

Actual first Eigenvalue, lambda = 6

Actual first Eigenvector, V, is
V = [   1  -1   1 ]t

Second approximate Eigenvector R(n-1), X:
X = [   1  -1 ]t

Actual second Eigenvalue, mu = 3

Actual second Eigenvector, U:
U = [  -2  -1   1 ]t
