-------------------------------------------------------------------------------
		   "Numerical Analysis Algorithms in C" v4.2
-------------------------------------------------------------------------------

NAA v4.2 Sample Output

QR Algorithm - Algorithm 9.6

Maximum number of iterations: 30
Tolerance: 1e-005
System has 3 equations and 3 unknowns.

The coefficients for Diagonal Vector A:
	A = [   3   3   3 ]t

The coefficients for Off-diagonal Vector B:
	B = [   1   1 ]t

A(1) = [  3.000000000   1.000000000   0.000000000  ]
       [  1.000000000   3.000000000   1.000000000  ]
       [  0.000000000   1.000000000   3.000000000  ]
       
A(2) = [  2.000000000   0.707106781   0.000000000  ]
       [  0.707106781   1.000000000  -0.707106781  ]
       [  0.000000000  -0.707106781   0.000000000  ]
       
A(3) = [  2.672027713   0.375974485   0.000000000  ]
       [  0.375974485   1.473608030   0.030396965  ]
       [  0.000000000   0.030396965  -0.047559532  ]
       
A(4) = [  2.799712515   0.199386431   0.000000000  ]
       [  0.199386431   1.442885258  -0.000000448  ]
       [  0.000000000  -0.000000448  -0.000021457  ]
       
Eigenvalue:	 1.58578643763
Eigenvalue:	 4.41421356237
Eigenvalue:	 3.00000000000
