-------------------------------------------------------------------------------
		   "Numerical Analysis Algorithms in C" v4.2
-------------------------------------------------------------------------------

NAA v4.2 Sample Output

Linear Shooting - Algorithm 11.1

y''  = p(x)y' + q(x)y + r(x)
p(x) = -2.0/x
q(x) = 2.0/(x*x)
r(x) = sin(log(x))/(x*x)

Solving for points on interval [1,2].
Boundry condition y(1) = à = 1
Boundry condition y(2) = á = 2
Number of subintervals N = 10
Interval number h = 0.1

 x	 u1		 v1		 w2 ÷ y'(x)	 w1 ÷ y(x)
----------------------------------------------------------------------
 1.00	 1.000000000	 0.000000000	 0.917621396	 1.000000000
 1.10	 1.008960575	 0.091179858	 0.935282862	 1.092629164
 1.20	 1.032454720	 0.168511750	 0.953838669	 1.187084707
 1.30	 1.066743750	 0.236087037	 0.971977323	 1.283382266
 1.40	 1.109287947	 0.296590670	 0.989096525	 1.381445892
 1.50	 1.158299996	 0.351843791	 1.004953220	 1.481159386
 1.60	 1.212483715	 0.403116946	 1.019487696	 1.582392450
 1.70	 1.270874543	 0.451318399	 1.032732443	 1.685013962
 1.80	 1.332738514	 0.497111366	 1.044763943	 1.788898540
 1.90	 1.397506177	 0.540989278	 1.055676942	 1.893929514
 2.00	 1.464728147	 0.583325383	 1.065570770	 2.000000000
