-------------------------------------------------------------------------------
		   "Numerical Analysis Algorithms in C" v4.2
-------------------------------------------------------------------------------

NAA v4.2 Sample Output

Linear Finite-Difference - Algorithm 11.3B

Uses Richardson's Extrapolation for O(h^6) accuracy.

y''  = p(x)y' + q(x)y + r(x)
p(x) = -2.0/x
q(x) = 2.0/(x*x)
r(x) = sin(log(x))/(x*x)

Solving for points on interval [1,2].
Boundry condition y(1) = à = 1
Boundry condition y(2) = á = 2
Number of subintervals N = 9
Interval number h = 0.1

 x	 w(h)		 w(h/2)		 w(h/4)		 Ext1		 Ext2		 Ext3
-------------------------------------------------------------------------------------------------------
 1.00	 1.000000000	 1.000000000	 1.000000000	 1.000000000	 1.000000000	 1.000000000
 1.10	 1.092600521	 1.092622066	 1.092627488	 1.092629247	 1.092629295	 1.092629298
 1.20	 1.187043129	 1.187074362	 1.187082218	 1.187084773	 1.187084836	 1.187084840
 1.30	 1.283336870	 1.283370940	 1.283379505	 1.283382296	 1.283382360	 1.283382364
 1.40	 1.381402046	 1.381434929	 1.381443193	 1.381445890	 1.381445948	 1.381445952
 1.50	 1.481120262	 1.481149590	 1.481156958	 1.481159365	 1.481159414	 1.481159417
 1.60	 1.582359896	 1.582384289	 1.582390416	 1.582392420	 1.582392458	 1.582392461
 1.70	 1.684989018	 1.685007703	 1.685012396	 1.685013932	 1.685013960	 1.685013962
 1.80	 1.788881746	 1.788894323	 1.788897481	 1.788898515	 1.788898533	 1.788898535
 1.90	 1.893921099	 1.893927400	 1.893928981	 1.893929500	 1.893929509	 1.893929509
 2.00	 2.000000000	 2.000000000	 2.000000000	 2.000000000	 2.000000000	 2.000000000
