-------------------------------------------------------------------------------
		   "Numerical Analysis Algorithms in C" v4.2
-------------------------------------------------------------------------------

NAA v4.2 Sample Output

Piecewise Linear Rayleigh-Ritz - Algorithm 11.5

-d/dx (p(x)*dy/dx) + q(x)*y = f(x),  0 ó x ó 1,  y(0) = y(1) = 0

p(x) = 1.0
q(x) = PI*PI
f(x) = 2.0*PI*PI*sin(PI*x)

There are 9 mesh points between 0 and 1.

For i = 1,...,n define the piecewise linear basis phi(i) by:

               { 0                     0 ó x ó x(i-1)    }
   phi(i)(x) = { (x - x(i-1))/h(i-1)   x(i-1) ó x x(i)   }
               { (x(i+1) - x)/h(i)     x(i) ó x ó x(i+1) }
               { 0                     x(i+1) ó x ó 1    }


 i	 x(i)	 phi(x(i))
--------------------------------
 0	 0	 0.00000000000
 1	 0.1	 0.31028667561
 2	 0.2	 0.59020032952
 3	 0.3	 0.81234106301
 4	 0.4	 0.95496419334
 5	 0.5	 1.00410877480
 6	 0.6	 0.95496419334
 7	 0.7	 0.81234106301
 8	 0.8	 0.59020032952
 9	 0.9	 0.31028667561
 10	 1	 0.00000000000
