-------------------------------------------------------------------------------
		   "Numerical Analysis Algorithms in C" v4.2
-------------------------------------------------------------------------------

NAA v4.2 Sample Output

Cubic Spline Rayleigh-Ritz - Algorithm 11.6

-d/dx (p(x)*dy/dx) + q(x)*y = f(x),  0 ó x ó 1,  y(0) = y(1) = 0

p(x) = 1.0
q(x) = PI*PI
f(x) = 2.0*PI*PI*sin(PI*x)

There are 9 mesh points between 0 and 1.
Interval number h = 0.1

Define the function S by:

          { 0,                                         t ó -2     }
          { ¬[(2-t)^3 - 4(1-t)^3 - 6t^3 + 4(1+t)^3],  -2 < t ó -1 }
   S(t) = { ¬[(2-t)^3 - 4(1-t)^3 - 6t^3,              -1 < t ó 0  }
          { ¬[(2-t)^3 - 4(1-t)^3,                      0 < t ó 1  }
          { ¬[(2-t)^3,                                 1 < t ó  2 }
          { 0,                                         2 < t      }

Define the cubic spline basis {è(i)} for i = 0 to n+1 by:

          { S(x/h) - 4S((x+h)/h),                 i = 0       }
          { S((x-x1)/h) - S((x+h)/h),             i = 1       }
   è(x) = { S((x-xi)/h),                          2 ó i ó n-1 }
          { S((x-xn)/h) - S((x-(n+2)h)/h),        i = n       }
          { S((x-x(n+1))/h) - 4S((x-(n+2)h)/h)    i = n+1.    }

A = [  0.370181  0.421535  0.013483 -0.00143552   0   0   0   0   0   0   0 ]
    [  0.421535  1.20615  0.498763  0.0077636 -0.00143552   0   0   0   0   0   0 ]
    [  0.013483  0.498763  1.21795  0.497357  0.0077636 -0.00143552   0   0   0   0   0 ]
    [ -0.00143552  0.0077636  0.497357  1.21795  0.497357  0.0077636 -0.00143552   0   0   0   0 ]
    [   0 -0.00143552  0.0077636  0.497357  1.21795  0.497357  0.0077636 -0.00143552   0   0   0 ]
    [   0   0 -0.00143552  0.0077636  0.497357  1.21795  0.497357  0.0077636 -0.00143552   0   0 ]
    [   0   0   0 -0.00143552  0.0077636  0.497357  1.21795  0.497357  0.0077636 -0.00143552   0 ]
    [   0   0   0   0 -0.00143552  0.0077636  0.497357  1.21795  0.497357  0.0077636 -0.00143552 ]
    [   0   0   0   0   0 -0.00143552  0.0077636  0.497357  1.21795  0.498763  0.013483 ]
    [   0   0   0   0   0   0 -0.00143552  0.0077636  0.498763  1.20615  0.421535 ]
    [   0   0   0   0   0   0   0 -0.00143552  0.013483  0.421535  0.370181 ]
    
B = [  0.1839  0.899713  1.71409  2.35924  2.77345  2.91618  2.77345  2.35924  1.71409  0.899713  0.1839 ]t


 i	 c(i)		 x(i)	 phi(x(i))
------------------------------------------------
 0	 0.00015095764	 0.0000	       0
 1	 0.20724246	 0.1000	 0.30579014
 2	 0.39403978	 0.2000	 0.58145219
 3	 0.54240718	 0.3000	 0.80031967
 4	 0.6376102	 0.4000	 0.9408219
 5	 0.67043963	 0.5000	 0.98924473
 6	 0.6376102	 0.6000	 0.9408219
 7	 0.54240718	 0.7000	 0.80031967
 8	 0.39403978	 0.8000	 0.58145219
 9	 0.20724246	 0.9000	 0.30579014
 10	 0.00015095764	 1.0000	 1.7296625E-016
