-------------------------------------------------------------------------------
		   "Numerical Analysis Algorithms in C" v4.2
-------------------------------------------------------------------------------

NAA v4.2 Sample Output

Heat Equation Backward-Difference - Algorithm 12.2

ëu(x,t)/ët - àýëýu(x,t)/ëxý = 0

f(x)   = sin(PI*x)
u(0,t) = u(l,t) = 0,  0 < t < T = 0.5
u(x,0) = f(x),        0 ó x ó l = 1

à = 1
Number of space intervals, m = 10
Number of time intervals, N = 50

t = 0
 i	     x(i)	    w(i)
---------------------------------------
 0	        0	       0
 1	      0.1	 0.30901699
 2	      0.2	 0.58778525
 3	      0.3	 0.80901699
 4	      0.4	 0.95105652
 5	      0.5	       1
 6	      0.6	 0.95105652
 7	      0.7	 0.80901699
 8	      0.8	 0.58778525
 9	      0.9	 0.30901699
 10	        1	       0


t = 0.01
 i	     x(i)	    w(i)
---------------------------------------
 0	        0	       0
 1	      0.1	 0.28146522
 2	      0.2	 0.53537866
 3	      0.3	 0.73688551
 4	      0.4	 0.86626087
 5	      0.5	 0.91084058
 6	      0.6	 0.86626087
 7	      0.7	 0.73688551
 8	      0.8	 0.53537866
 9	      0.9	 0.28146522
 10	        1	       0
.
.
.
47 intermediate results left out.
.
.
.
t = 0.49
 i	     x(i)	    w(i)
---------------------------------------
 0	        0	       0
 1	      0.1	 0.0031816947
 2	      0.2	 0.006051943
 3	      0.3	 0.0083297849
 4	      0.4	 0.0097922494
 5	      0.5	 0.01029618
 6	      0.6	 0.0097922494
 7	      0.7	 0.0083297849
 8	      0.8	 0.006051943
 9	      0.9	 0.0031816947
 10	        1	       0


t = 0.5
 i	     x(i)	    w(i)
---------------------------------------
 0	        0	       0
 1	      0.1	 0.0028980166
 2	      0.2	 0.0055123552
 3	      0.3	 0.0075871061
 4	      0.4	 0.0089191781
 5	      0.5	 0.0093781789
 6	      0.6	 0.0089191781
 7	      0.7	 0.0075871061
 8	      0.8	 0.0055123552
 9	      0.9	 0.0028980166
 10	        1	       0
