-------------------------------------------------------------------------------
		   "Numerical Analysis Algorithms in C" v4.2
-------------------------------------------------------------------------------

NAA v4.2 Sample Output

Heat Equation Forward-Difference - Algorithm 12.2B

ëu(x,t)/ët - àýëýu(x,t)/ëxý = 0

f(x)   = sin(PI*x)
u(0,t) = u(l,t) = 0,  0 < t < T = 0.5
u(x,0) = f(x),        0 ó x ó l = 1

à = 1
Number of space intervals, m = 10
Number of time intervals, N = 50

t = 0
 i	     x(i)	    w(i)
---------------------------------------
 0	        0	       0
 1	      0.1	 0.30901699
 2	      0.2	 0.58778525
 3	      0.3	 0.80901699
 4	      0.4	 0.95105652
 5	      0.5	       1
 6	      0.6	 0.95105652
 7	      0.7	 0.80901699
 8	      0.8	 0.58778525
 9	      0.9	 0.30901699
 10	        1	       0


t = 0.01
 i	     x(i)	    w(i)
---------------------------------------
 0	        0	       0
 1	      0.1	 0.27876826
 2	      0.2	 0.53024874
 3	      0.3	 0.72982477
 4	      0.4	 0.85796048
 5	      0.5	 0.90211303
 6	      0.6	 0.85796048
 7	      0.7	 0.72982477
 8	      0.8	 0.53024874
 9	      0.9	 0.27876826
 10	        1	       0
.
.
.
47 intermediate results left out.
.
.
.
t = 0.49
 i	     x(i)	    w(i)
---------------------------------------
 0	        0	       0
 1	      0.1	-242511.07
 2	      0.2	 460876.24
 3	      0.3	-633468.59
 4	      0.4	 743393.4
 5	      0.5	-780141.99
 6	      0.6	 740524.55
 7	      0.7	-628826.68
 8	      0.8	 456234.34
 9	      0.9	-239642.22
 10	        1	       0


t = 0.5
 i	     x(i)	    w(i)
---------------------------------------
 0	        0	       0
 1	      0.1	 703387.31
 2	      0.2	-1336855.9
 3	      0.3	 1837738.2
 4	      0.4	-2157004
 5	      0.5	 2264059.9
 6	      0.6	-2149493.2
 7	      0.7	 1825585.6
 8	      0.8	-1324703.2
 9	      0.9	 695876.55
 10	        1	       0
