-------------------------------------------------------------------------------
		   "Numerical Analysis Algorithms in C" v4.2
-------------------------------------------------------------------------------

NAA v4.2 Sample Output

Heat Equation Richardson's Method - Algorithm 12.2C

ëu(x,t)/ët - àýëýu(x,t)/ëxý = 0

f(x)   = sin(PI*x)
u(0,t) = u(l,t) = 0,  0 < t < T = 0.5
u(x,0) = f(x),        0 ó x ó l = 1

à = 1
Number of space intervals, m = 10
Number of time intervals, N = 50

t = 0
 i	     x(i)	    w(i)
---------------------------------------
 0	        0	       0
 1	      0.1	 0.30901699
 2	      0.2	 0.58778525
 3	      0.3	 0.80901699
 4	      0.4	 0.95105652
 5	      0.5	       1
 6	      0.6	 0.95105652
 7	      0.7	 0.80901699
 8	      0.8	 0.58778525
 9	      0.9	 0.30901699
 10	        1	       0


t = 0.01
 i	     x(i)	    w(i)
---------------------------------------
 0	        0	       0
 1	      0.1	 0.24851952
 2	      0.2	 0.47271222
 3	      0.3	 0.65063255
 4	      0.4	 0.76486444
 5	      0.5	 0.80422607
 6	      0.6	 0.76486444
 7	      0.7	 0.65063255
 8	      0.8	 0.47271222
 9	      0.9	 0.24851952
 10	        1	       0
.
.
.
Intermediate results left out.
.
.
.
t = 0.15
 i	     x(i)	    w(i)
---------------------------------------
 0	        0	       0
 1	      0.1	-0.00081671643
 2	      0.2	-0.001079715
 3	      0.3	-0.0021497504
 4	      0.4	-0.0017529167
 5	      0.5	-0.0026127461
 6	      0.6	-0.0018371835
 7	      0.7	-0.002014642
 8	      0.8	-0.0012132906
 9	      0.9	-0.00073492983
 10	        1	       0
.
.
.
Intermediate results left out.
.
.
.
t = 0.49
 i	     x(i)	    w(i)
---------------------------------------
 0	        0	       0
 1	      0.1	-4.0842768E+026
 2	      0.2	 7.7324316E+026
 3	      0.3	-1.056458E+027
 4	      0.4	 1.2302902E+027
 5	      0.5	-1.2799327E+027
 6	      0.6	 1.2041947E+027
 7	      0.7	-1.0142346E+027
 8	      0.8	 7.3101976E+026
 9	      0.9	-3.8233219E+026
 10	        1	       0


t = 0.5
 i	     x(i)	    w(i)
---------------------------------------
 0	        0	       0
 1	      0.1	 3.2318209E+027
 2	      0.2	-6.120447E+027
 3	      0.3	 8.3663169E+027
 4	      0.4	-9.7492064E+027
 5	      0.5	 1.0150101E+028
 6	      0.6	-9.5568376E+027
 7	      0.7	 8.0550576E+027
 8	      0.8	-5.8091878E+027
 9	      0.9	 3.0394522E+027
 10	        1	       0
