-------------------------------------------------------------------------------
		   "Numerical Analysis Algorithms in C" v4.2
-------------------------------------------------------------------------------

NAA v4.2 Sample Output

Crank-Nicolson - Algorithm 12.3

ëu(x,t)/ët - àýëýu(x,t)/ëxý = 0

f(x)   = sin(PI*x)
u(0,t) = u(l,t) = 0,  0 < t < T = 0.5
u(x,0) = f(x),        0 ó x ó l = 1

à = 1
Number of space intervals, m = 10
Number of time intervals, N = 50

t = 0.01
 i	     x(i)	    w(i)
---------------------------------------
 0	        0	       0
 1	      0.1	 0.28017966
 2	      0.2	 0.53293338
 3	      0.3	 0.73351987
 4	      0.4	 0.86230432
 5	      0.5	 0.90668042
 6	      0.6	 0.86230432
 7	      0.7	 0.73351987
 8	      0.8	 0.53293338
 9	      0.9	 0.28017966
 10	        1	       0
.
.
.
48 intermediate results left out.
.
.
.
t = 0.5
 i	     x(i)	    w(i)
---------------------------------------
 0	        0	       0
 1	      0.1	 0.0023051234
 2	      0.2	 0.0043846052
 3	      0.3	 0.0060348913
 4	      0.4	 0.0070944402
 5	      0.5	 0.0074595359
 6	      0.6	 0.0070944402
 7	      0.7	 0.0060348913
 8	      0.8	 0.0043846052
 9	      0.9	 0.0023051234
 10	        1	       0
