-------------------------------------------------------------------------------
		   "Numerical Analysis Algorithms in C" v4.2
-------------------------------------------------------------------------------

NAA v4.2 Sample Output

Wave Equation Finite-Difference - Algorithm 12.4

ëu(x,t)/ët - àýëýu(x,t)/ëxý = 0

f(x)   = sin(PI*x)
g(x)   = 0.0
u(0,t) = u(l,t) = 0,  0 < t < T = 1
u(x,0) = f(x),        0 ó x ó l = 1
ëu(x,0)/ët = g(x),    0 ó x ó l = 1

à = 2
Number of space intervals, m = 10
Number of time intervals, N = 20

t = 0
j = 0
 i	     x(i)	    w(i,j)
---------------------------------------
 0	        0	         0
 1	      0.1	 0.3090169944
 2	      0.2	 0.5877852523
 3	      0.3	 0.8090169944
 4	      0.4	 0.9510565163
 5	      0.5	         1
 6	      0.6	 0.9510565163
 7	      0.7	 0.8090169944
 8	      0.8	 0.5877852523
 9	      0.9	 0.3090169944
 10	        1	 1.225148455E-016
.
.
.
18 intermediate results left out.
.
.
.
t = 1
j = 20
 i	     x(i)	    w(i,j)
---------------------------------------
 0	        0	         0
 1	      0.1	 0.3090169944
 2	      0.2	 0.5877852523
 3	      0.3	 0.8090169944
 4	      0.4	 0.9510565163
 5	      0.5	         1
 6	      0.6	 0.9510565163
 7	      0.7	 0.8090169944
 8	      0.8	 0.5877852523
 9	      0.9	 0.3090169944
 10	        1	         0
