-------------------------------------------------------------------------------
		   "Numerical Analysis Algorithms in C" v4.2
-------------------------------------------------------------------------------

NAA v4.2 Sample Output

Finite Element - Algorithm 12.5

ë(p(x,y)*(ëu/ëx))/ëx + ë(q(x,y)*(ëu/ëy))/ëy  + r(x,y)*u = f(x,y)

p(x,y) = 1.0
q(x,y) = 1.0
r(x,y) = 0.0
f(x,y) = 0.0

subject to the boundary conditions:
u(x,y) = g(x,y) = 4.0	(x,y) î œ1
g1(x,y) = sin(PI*x)		(x,y) î œ2
g2(x,y) = sin(PI*x)		(x,y) î œ2

Total number of elements (triangles) M = 10
Number of elements (triangles) with NO edges on the boundary K = 0
Number of elements (triangles) with at least one edge on the boundary œ2
N = 4
Number of nodes (vertices) m = 11
Number of nodes interior and on œ2, but not on œ1 n = 7

Nodes (vertices) are:
	E_1 =	(0.2,	0.2)	on œ2 U D boundary
	E_2 =	(0.4,	0.2)	on œ2 U D boundary
	E_3 =	(0.3,	0.1)	on œ2 U D boundary
	E_4 =	(0.5,	0.1)	on œ2 U D boundary
	E_5 =	(0.6,	0.1)	on œ2 U D boundary
	E_6 =	(0,	0.4)	on œ2 U D boundary
	E_7 =	(0,	0.2)	on œ2 U D boundary
	E_8 =	(0,	0)	on œ1 boundary
	E_9 =	(0.2,	0)	on œ1 boundary
	E_10 =	(0.4,	0)	on œ1 boundary
	E_11 =	(0.6,	0)	on œ1 boundary

Elements (triangles) are:
	T_1 = (E_1, E_3, E_9)
	T_2 = (E_2, E_3, E_10)
	T_3 = (E_1, E_6, E_7)
	T_4 = (E_1, E_2, E_3)
	T_5 = (E_2, E_4, E_10)
	T_6 = (E_4, E_5, E_11)
	T_7 = (E_1, E_7, E_8)
	T_8 = (E_1, E_8, E_9)
	T_9 = (E_3, E_9, E_10)
	T_10 = (E_4, E_10, E_11)

 i	 gamma(j)
--------------------
 1	 4.3464414
 2	 4.2686384
 3	 4.1817634
 4	 4.2127604
 5	 4.1632603
 6	 4.3874123
 7	 4.3874123
 8	       4
 9	       4
 10	       4
 11	       4


 i	 j	 a(j)(i)	 b(j)(i)	 c(j)(i)
-----------------------------------------------------------
 1	 1       1	      -5	       5
 1	 2      -2	      10	       0
 1	 3       2	      -5	      -5
 2	 1      -2	       5	       5
 2	 2       4	     -10	       0
 2	 3      -1	       5	      -5
 3	 1       0	       5	       0
 3	 2      -1	       0	       5
 3	 3       2	      -5	      -5
 4	 1       1	      -5	       5
 4	 2      -2	       5	       5
 4	 3       2	       0	     -10
 5	 1       2	      -5	       5
 5	 2      -4	      10	       0
 5	 3       3	      -5	      -5
 6	 1       6	     -10	       0
 6	 2      -6	      10	      10
 6	 3       1	       0	     -10
 7	 1       0	       5	       0
 7	 2       0	      -5	       5
 7	 3       1	       0	      -5
 8	 1       0	       0	       5
 8	 2       1	      -5	       0
 8	 3       0	       5	      -5
 9	 1       0	       0	      10
 9	 2       2	      -5	      -5
 9	 3      -1	       5	      -5
 10	 1       0	       0	      10
 10	 2       3	      -5	      -5
 10	 3      -2	       5	      -5

NOTE:  This output still needs some work.  The line and surface integrals
       return constants only.