-------------------------------------------------------------------------------
		   "Numerical Analysis Algorithms in C" v4.2
-------------------------------------------------------------------------------

NAA v4.2 Sample Output

Parabolic Equations with Newton Iteration in 2-D - Algorithm 12.7A

(Answers will vary with this problem due to random alpha).

At t = 0
10.345897  -1.854390  1.911435  -0.882693  -1.370647
-1.854390  6.128666  -1.368542  0.270394  -0.882693
1.911435  -1.368542  4.487625  -1.368542  1.911435
-0.882693  0.270394  -1.368542  6.128666  -1.854390
-1.370647  -0.882693  1.911435  -1.854390  10.345897

At t = 0.0001
4.947207  4.947207  -1.337010  0.267744  0.267744
4.947207  4.947207  -1.337010  0.267744  0.267744
-1.337010  -1.337010  3.899943  -1.337010  -1.337010
0.267744  0.267744  -1.337010  4.947207  4.947207
0.267744  0.267744  -1.337010  4.947207  4.947207

At t = 0.001
2.300028  2.300028  -1.144302  0.246742  0.246742
2.300028  2.300028  -1.144302  0.246742  0.246742
-1.144302  -1.144302  2.098573  -1.144302  -1.144302
0.246742  0.246742  -1.144302  2.300028  2.300028
0.246742  0.246742  -1.144302  2.300028  2.300028

At t = 0.01
0.875362  0.875362  -0.654545  0.113147  0.113147
0.875362  0.875362  -0.654545  0.113147  0.113147
-0.654545  -0.654545  0.635671  -0.654545  -0.654545
0.113147  0.113147  -0.654545  0.875362  0.875362
0.113147  0.113147  -0.654545  0.875362  0.875362

At t = 0.03
0.685138  0.685138  -0.559251  -0.339417  -0.339417
0.685138  0.685138  -0.559251  -0.339417  -0.339417
-0.559251  -0.559251  0.019175  -0.559251  -0.559251
-0.339417  -0.339417  -0.559251  0.685138  0.685138
-0.339417  -0.339417  -0.559251  0.685138  0.685138

