-------------------------------------------------------------------------------
		   "Numerical Analysis Algorithms in C" v4.2
-------------------------------------------------------------------------------

NAA v4.2 Sample Output

Elliptic Equations with Newton Iteration in 2-D - Algorithm 12.8A

Solution took 162 iterations.

U(0,0) = 1.0000000000	U_TRUE =  1.0000000000
U(1,0) = 1.1813604129	U_TRUE =  1.1813604129
U(2,0) = 1.3956124251	U_TRUE =  1.3956124251
U(3,0) = 1.6487212707	U_TRUE =  1.6487212707
U(4,0) = 1.9477340411	U_TRUE =  1.9477340411
U(5,0) = 2.3009758909	U_TRUE =  2.3009758909
U(6,0) = 2.7182818285	U_TRUE =  2.7182818285

U(0,1) = 1.2265215383	U_TRUE =  1.1813604129
U(1,1) = 1.4158881103	U_TRUE =  1.3961409547
U(2,1) = 1.6567800685	U_TRUE =  1.6500743065
U(3,1) = 1.9515112082	U_TRUE =  1.9494464769
U(4,1) = 2.3092356511	U_TRUE =  2.3023289267
U(5,1) = 2.7466616818	U_TRUE =  2.7188103581
U(6,1) = 3.2959940182	U_TRUE =  3.2112705432

U(0,2) = 1.4639290174	U_TRUE =  1.3956124251
U(1,2) = 1.6851450320	U_TRUE =  1.6507536881
U(2,2) = 1.9664456269	U_TRUE =  1.9529370295
U(3,2) = 2.3131921058	U_TRUE =  2.3075609231
U(4,2) = 2.7371368030	U_TRUE =  2.7234848169
U(5,2) = 3.2591594449	U_TRUE =  3.2133029605
U(6,2) = 3.9109913338	U_TRUE =  3.7936678947

U(0,3) = 1.7345169169	U_TRUE =  1.6487212707
U(1,3) = 1.9950045705	U_TRUE =  1.9520385077
U(2,3) = 2.3285844093	U_TRUE =  2.3119953255
U(3,3) = 2.7387343933	U_TRUE =  2.7322283004
U(4,3) = 3.2384019109	U_TRUE =  3.2222899778
U(5,3) = 3.8534716407	U_TRUE =  3.7979723613
U(6,3) = 4.6241659688	U_TRUE =  4.4816890703

U(0,4) = 2.0421360954	U_TRUE =  1.9477340411
U(1,4) = 2.3510248031	U_TRUE =  2.3080693473
U(2,4) = 2.7506824894	U_TRUE =  2.7364410769
U(3,4) = 3.2377780007	U_TRUE =  3.2342533419
U(4,4) = 3.8247230586	U_TRUE =  3.8118271431
U(5,4) = 4.5437461354	U_TRUE =  4.4887825267
U(6,4) = 5.4524953625	U_TRUE =  5.2944900505

U(0,5) = 2.3906308205	U_TRUE =  2.3009758909
U(1,5) = 2.7591843394	U_TRUE =  2.7284545701
U(2,5) = 3.2444462293	U_TRUE =  3.2373127617
U(3,5) = 3.8256481834	U_TRUE =  3.8266275775
U(4,5) = 4.5130961807	U_TRUE =  4.5077312889
U(5,5) = 5.3444327487	U_TRUE =  5.3046627921
U(6,5) = 6.4133192984	U_TRUE =  6.2547009519

U(0,6) = 2.7182818285	U_TRUE =  2.7182818285
U(1,6) = 3.2246414378	U_TRUE =  3.2246414378
U(2,6) = 3.8278973851	U_TRUE =  3.8278973851
U(3,6) = 4.5250107691	U_TRUE =  4.5250107691
U(4,6) = 5.3287195409	U_TRUE =  5.3287195409
U(5,6) = 6.2680718466	U_TRUE =  6.2680718466
U(6,6) = 7.3890560989	U_TRUE =  7.3890560989

ERROR(0,0) = 0.000E+000
ERROR(1,0) = 0.000E+000
ERROR(2,0) = 0.000E+000
ERROR(3,0) = 0.000E+000
ERROR(4,0) = 0.000E+000
ERROR(5,0) = 0.000E+000
ERROR(6,0) = 0.000E+000

ERROR(0,1) = 4.516E-002
ERROR(1,1) = 1.975E-002
ERROR(2,1) = 6.706E-003
ERROR(3,1) = 2.065E-003
ERROR(4,1) = 6.907E-003
ERROR(5,1) = 2.785E-002
ERROR(6,1) = 8.472E-002

ERROR(0,2) = 6.832E-002
ERROR(1,2) = 3.439E-002
ERROR(2,2) = 1.351E-002
ERROR(3,2) = 5.631E-003
ERROR(4,2) = 1.365E-002
ERROR(5,2) = 4.586E-002
ERROR(6,2) = 1.173E-001

ERROR(0,3) = 8.580E-002
ERROR(1,3) = 4.297E-002
ERROR(2,3) = 1.659E-002
ERROR(3,3) = 6.506E-003
ERROR(4,3) = 1.611E-002
ERROR(5,3) = 5.550E-002
ERROR(6,3) = 1.425E-001

ERROR(0,4) = 9.440E-002
ERROR(1,4) = 4.296E-002
ERROR(2,4) = 1.424E-002
ERROR(3,4) = 3.525E-003
ERROR(4,4) = 1.290E-002
ERROR(5,4) = 5.496E-002
ERROR(6,4) = 1.580E-001

ERROR(0,5) = 8.965E-002
ERROR(1,5) = 3.073E-002
ERROR(2,5) = 7.133E-003
ERROR(3,5) = 9.794E-004
ERROR(4,5) = 5.365E-003
ERROR(5,5) = 3.977E-002
ERROR(6,5) = 1.586E-001

ERROR(0,6) = 0.000E+000
ERROR(1,6) = 0.000E+000
ERROR(2,6) = 0.000E+000
ERROR(3,6) = 0.000E+000
ERROR(4,6) = 0.000E+000
ERROR(5,6) = 0.000E+000
ERROR(6,6) = 0.000E+000
