-------------------------------------------------------------------------------
		   "Numerical Analysis Algorithms in C" v4.2
-------------------------------------------------------------------------------

NAA v4.2 Sample Output

Biharmonic Equation using Gauss-Jordan Method - Algorithm 12.9A.

A =
20 -8  1  0  0 -8  2  0  0  0  1  0  0  0  0  0  0  0  0  0  0  0  0  0 
-8 20 -8  1  0  2 -8  2  0  0  0  1  0  0  0  0  0  0  0  0  0  0  0  0 
 1 -8 20 -8  1  0  2 -8  2  0  0  0  1  0  0  0  0  0  0  0  0  0  0  0 
 0  1 -8 20 -8  0  0  2 -8  2  0  0  0  1  0  0  0  0  0  0  0  0  0  0 
 0  0  1 -8 20  0  0  0  2 -8  0  0  0  0  1  0  0  0  0  0  0  0  0  0 
-8  2  0  0  0 20 -8  1  0  0 -8  2  0  0  0  1  0  0  0  0  0  0  0  0 
 2 -8  2  0  0 -8 20 -8  1  0  2 -8  2  0  0  0  1  0  0  0  0  0  0  0 
 0  2 -8  2  0  1 -8 20 -8  1  0  2 -8  2  0  0  0  1  0  0  0  0  0  0 
 0  0  2 -8  2  0  1 -8 20 -8  0  0  2 -8  2  0  0  0  1  0  0  0  0  0 
 0  0  0  2 -8  0  0  1 -8 20  0  0  0  2 -8  0  0  0  0  1  0  0  0  0 
 1  0  0  0  0 -8  2  0  0  0 20 -8  1  0  0 -8  2  0  0  0  1  0  0  0 
 0  1  0  0  0  2 -8  2  0  0 -8 20 -8  1  0  2 -8  2  0  0  0  1  0  0 
 0  0  1  0  0  0  2 -8  2  0  1 -8 20 -8  1  0  2 -8  2  0  0  0  1  0 
 0  0  0  1  0  0  0  2 -8  2  0  1 -8 20 -8  0  0  2 -8  2  0  0  0  1 
 0  0  0  0  1  0  0  0  2 -8  0  0  1 -8 20  0  0  0  2 -8  0  0  0  0 
 0  0  0  0  0  1  0  0  0  0 -8  2  0  0  0 20 -8  1  0  0 -8  2  0  0 
 0  0  0  0  0  0  1  0  0  0  2 -8  2  0  0 -8 20 -8  1  0  2 -8  2  0 
 0  0  0  0  0  0  0  1  0  0  0  2 -8  2  0  1 -8 20 -8  1  0  2 -8  2 
 0  0  0  0  0  0  0  0  1  0  0  0  2 -8  2  0  1 -8 20 -8  0  0  2 -8 
 0  0  0  0  0  0  0  0  0  1  0  0  0  2 -8  0  0  1 -8 20  0  0  0  2 
 0  0  0  0  0  0  0  0  0  0  1  0  0  0  0 -8  2  0  0  0 20 -8  1  0 
 0  0  0  0  0  0  0  0  0  0  0  1  0  0  0  2 -8  2  0  0 -8 20 -8  1 
 0  0  0  0  0  0  0  0  0  0  0  0  1  0  0  0  2 -8  2  0  1 -8 20 -8 
 0  0  0  0  0  0  0  0  0  0  0  0  0  1  0  0  0  2 -8  2  0  1 -8 20 
 0  0  0  0  0  0  0  0  0  0  0  0  0  0  1  0  0  0  2 -8  0  0  1 -8 

B =
 0.055577   0.055598   0.083398   0.111197   0.138996  
 0.055598   0.000086   0.000128  -0.327025   0.944461  
 0.083398   0.000128   0.000191  -0.479173   1.382118  
-0.054699  -0.327025  -0.479173  -1.236408   1.039188  
 0.618112   0.944461   1.382118   1.039188   5.931446  

U(0,0) = 0.00000000000000000
U(1,0) = 0.00000000000000000
U(2,0) = 0.00000000000000000
U(3,0) = 0.00000000000000000
U(4,0) = 0.00000000000000000
U(5,0) = 0.00000000000000000
U(6,0) = 0.00000000000000000

U(0,1) = 0.00000000000000000
U(1,1) = 0.02806505905512758
U(2,1) = 0.05576366687092073
U(3,1) = 0.08231182207767462
U(4,1) = 0.10451721821309030
U(5,1) = 0.10576783908977500
U(6,1) = 0.16589613269341500

U(0,2) = 0.00000000000000000
U(1,2) = 0.05561409187629533
U(2,2) = 0.11002613254155510
U(3,2) = 0.16197069762555040
U(4,2) = 0.20986319744711530
U(5,2) = 0.25425286158419420
U(6,2) = 0.32719469679615220

U(0,3) = 0.00000000000000000
U(1,3) = 0.08293378798419968
U(2,3) = 0.16386237520873960
U(3,3) = 0.24156222134967590
U(4,3) = 0.31618438805914100
U(5,3) = 0.39176135163921840
U(6,3) = 0.47942553860420300

U(0,4) = 0.00000000000000000
U(1,4) = 0.11029361778535860
U(2,4) = 0.21764058102420340
U(3,4) = 0.32029879092811270
U(4,4) = 0.41828013725033960
U(5,4) = 0.51516924376837260
U(6,4) = 0.61836980306973700

U(0,5) = 0.00000000000000000
U(1,5) = 0.13792177109175440
U(2,5) = 0.27187983393681190
U(3,5) = 0.39884942746802030
U(4,5) = 0.51711164551330720
U(5,5) = 0.62812608603669700
U(6,5) = 0.74017685319603700

U(0,6) = 0.00000000000000000
U(1,6) = 0.16589613269341500
U(2,6) = 0.32719469679615220
U(3,6) = 0.47942553860420300
U(4,6) = 0.61836980306973700
U(5,6) = 0.74017685319603700
U(6,6) = 0.84147098480789650
